Arguments: 
  /Users/saurabhgaur/.nvm/versions/node/v10.16.3/bin/node /usr/local/Cellar/yarn/1.19.2/libexec/bin/yarn.js install --mutex network:42424 --non-interactive

PATH: 
  /Users/saurabhgaur/Documents/projects/wallnit/hawk-ui/packages/time-picker/node_modules/.bin:/Users/saurabhgaur/Documents/projects/wallnit/hawk-ui/packages/node_modules/.bin:/Users/saurabhgaur/Documents/projects/wallnit/hawk-ui/node_modules/.bin:/Users/saurabhgaur/Documents/projects/wallnit/node_modules/.bin:/Users/saurabhgaur/Documents/projects/node_modules/.bin:/Users/saurabhgaur/Documents/node_modules/.bin:/Users/saurabhgaur/node_modules/.bin:/Users/node_modules/.bin:/node_modules/.bin:/Users/saurabhgaur/.nvm/versions/node/v10.16.3/bin:/var/folders/md/1gtwxm2d4q33m4qxdjd3c58w0000gn/T/yarn--1595739053903-0.36813327455563893:/Users/saurabhgaur/Documents/projects/wallnit/hawk-ui/node_modules/.bin:/Users/saurabhgaur/.config/yarn/link/node_modules/.bin:/Users/saurabhgaur/.nvm/versions/node/v10.16.3/libexec/lib/node_modules/npm/bin/node-gyp-bin:/Users/saurabhgaur/.nvm/versions/node/v10.16.3/lib/node_modules/npm/bin/node-gyp-bin:/Users/saurabhgaur/.nvm/versions/node/v10.16.3/bin/node_modules/npm/bin/node-gyp-bin:/Users/saurabhgaur/.nvm/versions/node/v10.16.3/bin:/usr/local/bin:/usr/bin:/bin:/usr/sbin:/sbin:/usr/local/sbin:/Applications/Postgres.app/Contents/Versions/12/bin

Yarn version: 
  1.19.2

Node version: 
  10.16.3

Platform: 
  darwin x64

Trace: 
  Error: ENFILE: file table overflow, open '/Users/saurabhgaur/Documents/projects/wallnit/hawk-ui/packages/time-picker/package.json'

npm manifest: 
  {
  	"dependencies": {
  		"classnames": "^2.2.6",
  		"lodash": "^4.17.15",
  		"moment": "^2.24.0",
  		"prop-types": "^15.7.2",
  		"react": "^16.13.1",
  		"react-dom": "^16.13.1"
  	}
  }

yarn manifest: 
  No manifest

Lockfile: 
  No lockfile
