Arguments: 
  /Users/saurabhgaur/.nvm/versions/node/v10.16.3/bin/node /usr/local/Cellar/yarn/1.19.2/libexec/bin/yarn.js install --mutex network:42424 --non-interactive

PATH: 
  /Users/saurabhgaur/Documents/projects/wallnit/hawk-ui/packages/suggestions/node_modules/.bin:/Users/saurabhgaur/Documents/projects/wallnit/hawk-ui/packages/node_modules/.bin:/Users/saurabhgaur/Documents/projects/wallnit/hawk-ui/node_modules/.bin:/Users/saurabhgaur/Documents/projects/wallnit/node_modules/.bin:/Users/saurabhgaur/Documents/projects/node_modules/.bin:/Users/saurabhgaur/Documents/node_modules/.bin:/Users/saurabhgaur/node_modules/.bin:/Users/node_modules/.bin:/node_modules/.bin:/Users/saurabhgaur/.nvm/versions/node/v10.16.3/bin:/var/folders/md/1gtwxm2d4q33m4qxdjd3c58w0000gn/T/yarn--1595739053903-0.36813327455563893:/Users/saurabhgaur/Documents/projects/wallnit/hawk-ui/node_modules/.bin:/Users/saurabhgaur/.config/yarn/link/node_modules/.bin:/Users/saurabhgaur/.nvm/versions/node/v10.16.3/libexec/lib/node_modules/npm/bin/node-gyp-bin:/Users/saurabhgaur/.nvm/versions/node/v10.16.3/lib/node_modules/npm/bin/node-gyp-bin:/Users/saurabhgaur/.nvm/versions/node/v10.16.3/bin/node_modules/npm/bin/node-gyp-bin:/Users/saurabhgaur/.nvm/versions/node/v10.16.3/bin:/usr/local/bin:/usr/bin:/bin:/usr/sbin:/sbin:/usr/local/sbin:/Applications/Postgres.app/Contents/Versions/12/bin

Yarn version: 
  1.19.2

Node version: 
  10.16.3

Platform: 
  darwin x64

Trace: 
  Error: ENFILE: file table overflow, copyfile '/Users/saurabhgaur/Library/Caches/Yarn/v6/npm-lodash-4.17.15-b447f6670a0455bbfeedd11392eff330ea097548-integrity/node_modules/lodash/fp/fromPairs.js' -> '/Users/saurabhgaur/Documents/projects/wallnit/hawk-ui/packages/suggestions/node_modules/lodash/fp/fromPairs.js'

npm manifest: 
  {
  	"dependencies": {
  		"classnames": "^2.2.6",
  		"lodash": "^4.17.15",
  		"prop-types": "^15.7.2",
  		"react": "^16.13.1",
  		"react-dom": "^16.13.1"
  	}
  }

yarn manifest: 
  No manifest

Lockfile: 
  # THIS IS AN AUTOGENERATED FILE. DO NOT EDIT THIS FILE DIRECTLY.
  # yarn lockfile v1
  
  
  classnames@^2.2.6:
    version "2.2.6"
    resolved "https://registry.yarnpkg.com/classnames/-/classnames-2.2.6.tgz#43935bffdd291f326dad0a205309b38d00f650ce"
    integrity sha512-JR/iSQOSt+LQIWwrwEzJ9uk0xfN3mTVYMwt1Ir5mUcSN6pU+V4zQFFaJsclJbPuAUQH+yfWef6tm7l1quW3C8Q==
  
  "js-tokens@^3.0.0 || ^4.0.0":
    version "4.0.0"
    resolved "https://registry.yarnpkg.com/js-tokens/-/js-tokens-4.0.0.tgz#19203fb59991df98e3a287050d4647cdeaf32499"
    integrity sha512-RdJUflcE3cUzKiMqQgsCu06FPu9UdIJO0beYbPhHN4k6apgJtifcoCtT9bcxOpYBtpD2kCM6Sbzg4CausW/PKQ==
  
  lodash@^4.17.15:
    version "4.17.15"
    resolved "https://registry.yarnpkg.com/lodash/-/lodash-4.17.15.tgz#b447f6670a0455bbfeedd11392eff330ea097548"
    integrity sha512-8xOcRHvCjnocdS5cpwXQXVzmmh5e5+saE2QGoeQmbKmRS6J3VQppPOIt0MnmE+4xlZoumy0GPG0D0MVIQbNA1A==
  
  loose-envify@^1.1.0, loose-envify@^1.4.0:
    version "1.4.0"
    resolved "https://registry.yarnpkg.com/loose-envify/-/loose-envify-1.4.0.tgz#71ee51fa7be4caec1a63839f7e682d8132d30caf"
    integrity sha512-lyuxPGr/Wfhrlem2CL/UcnUc1zcqKAImBDzukY7Y5F/yQiNdko6+fRLevlw1HgMySw7f611UIY408EtxRSoK3Q==
    dependencies:
      js-tokens "^3.0.0 || ^4.0.0"
  
  object-assign@^4.1.1:
    version "4.1.1"
    resolved "https://registry.yarnpkg.com/object-assign/-/object-assign-4.1.1.tgz#2109adc7965887cfc05cbbd442cac8bfbb360863"
    integrity sha1-IQmtx5ZYh8/AXLvUQsrIv7s2CGM=
  
  prop-types@^15.6.2, prop-types@^15.7.2:
    version "15.7.2"
    resolved "https://registry.yarnpkg.com/prop-types/-/prop-types-15.7.2.tgz#52c41e75b8c87e72b9d9360e0206b99dcbffa6c5"
    integrity sha512-8QQikdH7//R2vurIJSutZ1smHYTcLpRWEOlHnzcWHmBYrOGUysKwSsrC89BCiFj3CbrfJ/nXFdJepOVrY1GCHQ==
    dependencies:
      loose-envify "^1.4.0"
      object-assign "^4.1.1"
      react-is "^16.8.1"
  
  react-dom@^16.12.0:
    version "16.13.0"
    resolved "https://registry.yarnpkg.com/react-dom/-/react-dom-16.13.0.tgz#cdde54b48eb9e8a0ca1b3dc9943d9bb409b81866"
    integrity sha512-y09d2c4cG220DzdlFkPTnVvGTszVvNpC73v+AaLGLHbkpy3SSgvYq8x0rNwPJ/Rk/CicTNgk0hbHNw1gMEZAXg==
    dependencies:
      loose-envify "^1.1.0"
      object-assign "^4.1.1"
      prop-types "^15.6.2"
      scheduler "^0.19.0"
  
  react-is@^16.8.1:
    version "16.13.0"
    resolved "https://registry.yarnpkg.com/react-is/-/react-is-16.13.0.tgz#0f37c3613c34fe6b37cd7f763a0d6293ab15c527"
    integrity sha512-GFMtL0vHkiBv9HluwNZTggSn/sCyEt9n02aM0dSAjGGyqyNlAyftYm4phPxdvCigG15JreC5biwxCgTAJZ7yAA==
  
  react@^16.12.0:
    version "16.13.0"
    resolved "https://registry.yarnpkg.com/react/-/react-16.13.0.tgz#d046eabcdf64e457bbeed1e792e235e1b9934cf7"
    integrity sha512-TSavZz2iSLkq5/oiE7gnFzmURKZMltmi193rm5HEoUDAXpzT9Kzw6oNZnGoai/4+fUnm7FqS5dwgUL34TujcWQ==
    dependencies:
      loose-envify "^1.1.0"
      object-assign "^4.1.1"
      prop-types "^15.6.2"
  
  scheduler@^0.19.0:
    version "0.19.0"
    resolved "https://registry.yarnpkg.com/scheduler/-/scheduler-0.19.0.tgz#a715d56302de403df742f4a9be11975b32f5698d"
    integrity sha512-xowbVaTPe9r7y7RUejcK73/j8tt2jfiyTednOvHbA8JoClvMYCp+r8QegLwK/n8zWQAtZb1fFnER4XLBZXrCxA==
    dependencies:
      loose-envify "^1.1.0"
      object-assign "^4.1.1"
